<?xml version="1.0" encoding="UTF-8"?>
<!-- Generated by org.testng.reporters.JUnitReportReporter -->
<testsuite hostname="VSP-7DVZN73" failures="0" tests="2" name="cucumber.TestNGTestRunner" time="83.630" errors="2" timestamp="2023-02-23T18:28:19 IST" skipped="0">
  <testcase classname="cucumber.TestNGTestRunner" name="runScenario" time="35.123">
    <error message="Cannot invoke &quot;com.AngularSiteTestingDemo.pageObjects.LoginPage.clickSignIn()&quot; because &quot;this.lp&quot; is null" type="java.lang.NullPointerException">
      <![CDATA[java.lang.NullPointerException: Cannot invoke "com.AngularSiteTestingDemo.pageObjects.LoginPage.clickSignIn()" because "this.lp" is null
at com.AngularSiteTestingDemo.stepDefinitions.StepDefinitionImpl.user_enters_emailID_and_password(StepDefinitionImpl.java:61)
at ✽.user enters emailID gookulraj404@gmail.com and password IvarViking@2k21(file:///C:/Users/GokulRajIbrahimpatna/eclipse-workspace/AngularSiteTestingDemo/src/test/java/cucumber/ForbesAutomation_TC_SignIn_001.feature:21)
]]>
    </error>
  </testcase> <!-- runScenario -->
  <system-out/>
  <testcase classname="cucumber.TestNGTestRunner" name="runScenario" time="48.507">
    <error message="Cannot invoke &quot;com.AngularSiteTestingDemo.pageObjects.LoginPage.clickSignIn()&quot; because &quot;this.lp&quot; is null" type="java.lang.NullPointerException">
      <![CDATA[java.lang.NullPointerException: Cannot invoke "com.AngularSiteTestingDemo.pageObjects.LoginPage.clickSignIn()" because "this.lp" is null
at com.AngularSiteTestingDemo.stepDefinitions.StepDefinitionImpl.user_enters_emailID_and_password(StepDefinitionImpl.java:61)
at ✽.user enters emailID gookulraj404@gmail.com and password IvarViking@2k21(file:///C:/Users/GokulRajIbrahimpatna/eclipse-workspace/AngularSiteTestingDemo/src/test/java/cucumber/ForbesAutomation_TC_SignIn_001.feature:10)
]]>
    </error>
  </testcase> <!-- runScenario -->
  <system-out/>
</testsuite> <!-- cucumber.TestNGTestRunner -->
