<?xml version="1.0" encoding="UTF-8"?>
<!-- Generated by org.testng.reporters.JUnitReportReporter -->
<testsuite hostname="VSP-7DVZN73" failures="0" tests="1" name="com.AngularSiteTestingDemo.testCases.TC_ngCalculator_002" time="21.394" errors="0" timestamp="2023-01-30T15:02:12 IST" skipped="0">
  <testcase classname="com.AngularSiteTestingDemo.testCases.TC_ngCalculator_002" name="ngCalculator" time="21.394"/>
  <system-out/>
</testsuite> <!-- com.AngularSiteTestingDemo.testCases.TC_ngCalculator_002 -->
