<?xml version="1.0" encoding="UTF-8"?>
<!-- Generated by org.testng.reporters.JUnitReportReporter -->
<testsuite hostname="VSP-7DVZN73" failures="0" tests="1" name="com.AngularSiteTestingDemo.testCases.TC_SignIn_001" time="51.077" errors="0" timestamp="2023-01-30T15:02:12 IST" skipped="0">
  <testcase classname="com.AngularSiteTestingDemo.testCases.TC_SignIn_001" name="signInTest" time="51.077"/>
  <system-out/>
</testsuite> <!-- com.AngularSiteTestingDemo.testCases.TC_SignIn_001 -->
